
> rest-express@1.0.0 dev
> NODE_ENV=development tsx server/index.ts

9:01:04 PM [express] serving on port 3001
Error fetching QR codes: ErrorEvent {
  Symbol(kTarget): WebSocket {
    _events: [Object: null prototype] {
      error: [Function],
      message: [Function],
      close: [Function],
      open: [Function]
    },
    _eventsCount: 4,
    _maxListeners: undefined,
    _binaryType: 'arraybuffer',
    _closeCode: 1006,
    _closeFrameReceived: false,
    _closeFrameSent: false,
    _closeMessage: <Buffer >,
    _closeTimer: null,
    _errorEmitted: true,
    _extensions: {},
    _paused: false,
    _protocol: '',
    _readyState: 3,
    _receiver: null,
    _sender: null,
    _socket: null,
    _bufferedAmount: 0,
    _isServer: false,
    _redirects: 0,
    _autoPong: true,
    _url: 'wss://localhost/v2',
    _req: null,
    Symbol(shapeMode): false,
    Symbol(kCapture): false
  },
  Symbol(kType): 'error',
  Symbol(kError): AggregateError [ECONNREFUSED]: 
      at internalConnectMultiple (node:net:1134:18)
      at afterConnectMultiple (node:net:1715:7) {
    code: 'ECONNREFUSED',
    [errors]: [ [Error], [Error] ]
  },
  Symbol(kMessage): ''
}
9:01:05 PM [express] GET /api/qr-codes 500 in 111ms :: {"error":"Failed to fetch QR codes"}
